T_EXTERN extern
T_WHITESPACE  
T_VOID void
T_WHITESPACE  
T_ID print_string
T_LPAREN (
T_STRINGTYPE string
T_RPAREN )
T_SEMICOLON ;
T_WHITESPACE \n\n
T_CLASS class
T_WHITESPACE  
T_ID Test
T_WHITESPACE  
T_LCB {
T_WHITESPACE \n	
T_INTTYPE int
T_WHITESPACE  
T_ID main
T_LPAREN (
T_RPAREN )
T_WHITESPACE  
T_LCB {
T_WHITESPACE \n		
T_ID print_string
T_LPAREN (
"T_INTCONSTANT 1
\T_ID t2
\T_ID v3
\T_ID r4
\T_ID n5
\T_ID a6
\T_ID f7
\T_ID b8
\\T_INTCONSTANT 9
\T_STRINGCONSTANT "10"
T_RPAREN )
T_SEMICOLON ;
T_WHITESPACE \n	
T_RCB }
T_WHITESPACE \n
T_RCB }
T_WHITESPACE \n
